<?xml version="1.0" encoding="UTF-8"?>
<testsuite xmlns:xsi="http://www.w3.org/2001/XMLSchema-instance" xsi:noNamespaceSchemaLocation="https://maven.apache.org/surefire/maven-surefire-plugin/xsd/surefire-test-report.xsd" name="com.calculator.runner.TestRunner" time="35.824" tests="62" errors="0" skipped="0" failures="8">
  <properties>
[...]
</properties>
  <testcase name="Given calculator app is up and running" classname="| 32 | 3 |" time="0.001"/>
  <testcase name="Given I want perfrom mathematical operation with &quot;32&quot;" classname="| 32 | 3 |" time="0"/>
  <testcase name="And I want perfrom mathematical operation with &quot;3&quot;" classname="| 32 | 3 |" time="0"/>
  <testcase name="When i perform addition" classname="| 32 | 3 |" time="0"/>
  <testcase name="Then addition result displayed correctly" classname="| 32 | 3 |" time="0"/>
  <testcase name="| 32 | 3 |" classname="| 32 | 3 |" time="0.001"/>
  <testcase name="Given calculator app is up and running" classname="| 2 | 3 |" time="0"/>
  <testcase name="Given calculator app is up and running" classname="| 2 | 3 |" time="0"/>
  <testcase name="Given I want perfrom mathematical operation with &quot;2&quot;" classname="| 2 | 3 |" time="0"/>
  <testcase name="Given I want perfrom mathematical operation with &quot;2&quot;" classname="| 2 | 3 |" time="0"/>
  <testcase name="And I want perfrom mathematical operation with &quot;3&quot;" classname="| 2 | 3 |" time="0"/>
  <testcase name="And I want perfrom mathematical operation with &quot;3&quot;" classname="| 2 | 3 |" time="0.001"/>
  <testcase name="When i perform addition" classname="| 2 | 3 |" time="0"/>
  <testcase name="Then addition result displayed correctly" classname="| 2 | 3 |" time="0"/>
  <testcase name="| 2 | 3 |" classname="| 2 | 3 |" time="0.001"/>
  <testcase name="| 2 | 3 |" classname="| 2 | 3 |" time="0.001">
    <failure message="&#10;Expected: is &lt;6&gt;&#10;     but: was &lt;8&gt;" type="java.lang.AssertionError"><![CDATA[java.lang.AssertionError: 

Expected: is <6>
     but: was <8>
]]></failure>
  </testcase>
  <testcase name="Given calculator app is up and running" classname="| 0 | 5 |" time="0"/>
  <testcase name="Given I want perfrom mathematical operation with &quot;0&quot;" classname="| 0 | 5 |" time="0"/>
  <testcase name="And I want perfrom mathematical operation with &quot;5&quot;" classname="| 0 | 5 |" time="0"/>
  <testcase name="When i perform addition" classname="| 0 | 5 |" time="0"/>
  <testcase name="Then addition result displayed correctly" classname="| 0 | 5 |" time="0.004">
    <failure message="&#10;Expected: is &lt;5&gt;&#10;     but: was &lt;6&gt;" type="java.lang.AssertionError"><![CDATA[java.lang.AssertionError: 

Expected: is <5>
     but: was <6>
]]></failure>
    <system-out><![CDATA[Trying to Find Element By : By.id: display
Found Element By : By.id: display
]]></system-out>
  </testcase>
  <testcase name="| 0 | 5 |" classname="| 0 | 5 |" time="0.004">
    <failure message="&#10;Expected: is &lt;5&gt;&#10;     but: was &lt;6&gt;" type="java.lang.AssertionError"><![CDATA[java.lang.AssertionError: 

Expected: is <5>
     but: was <6>
]]></failure>
  </testcase>
  <testcase name="Given calculator app is up and running" classname="| 2 | 3 | 23 |" time="0"/>
  <testcase name="Given I want perfrom mathematical operation with &quot;2&quot;" classname="| 2 | 3 | 23 |" time="0"/>
  <testcase name="And I want perfrom mathematical operation with &quot;3&quot;" classname="| 2 | 3 | 23 |" time="0"/>
  <testcase name="And I want perfrom mathematical operation with &quot;23&quot;" classname="| 2 | 3 | 23 |" time="0"/>
  <testcase name="When i perform substraction" classname="| 2 | 3 | 23 |" time="0"/>
  <testcase name="Then substraction result displayed correctly" classname="| 2 | 3 | 23 |" time="0"/>
  <testcase name="| 2 | 3 | 23 |" classname="| 2 | 3 | 23 |" time="0.001"/>
  <testcase name="Given calculator app is up and running" classname="| 2 | 3 | 34 |" time="0"/>
  <testcase name="Given I want perfrom mathematical operation with &quot;2&quot;" classname="| 2 | 3 | 34 |" time="0"/>
  <testcase name="And I want perfrom mathematical operation with &quot;3&quot;" classname="| 2 | 3 | 34 |" time="0"/>
  <testcase name="And I want perfrom mathematical operation with &quot;34&quot;" classname="| 2 | 3 | 34 |" time="0"/>
  <testcase name="When i perform substraction" classname="| 2 | 3 | 34 |" time="0"/>
  <testcase name="Then substraction result displayed correctly" classname="| 2 | 3 | 34 |" time="0"/>
  <testcase name="| 2 | 3 | 34 |" classname="| 2 | 3 | 34 |" time="0.001"/>
  <testcase name="When i perform multiplication" classname="| 2 | 3 |" time="0"/>
  <testcase name="Then multiplication result displayed correctly" classname="| 2 | 3 |" time="0.001">
    <failure message="&#10;Expected: is &lt;6&gt;&#10;     but: was &lt;8&gt;" type="java.lang.AssertionError"><![CDATA[java.lang.AssertionError: 

Expected: is <6>
     but: was <8>
]]></failure>
    <system-out><![CDATA[Trying to Find Element By : By.id: display
Found Element By : By.id: display
]]></system-out>
  </testcase>
  <testcase name="Given calculator app is up and running" classname="| 4 | 5 |" time="0"/>
  <testcase name="Given I want perfrom mathematical operation with &quot;4&quot;" classname="| 4 | 5 |" time="0"/>
  <testcase name="And I want perfrom mathematical operation with &quot;5&quot;" classname="| 4 | 5 |" time="0"/>
  <testcase name="When i perform multiplication" classname="| 4 | 5 |" time="0"/>
  <testcase name="Then multiplication result displayed correctly" classname="| 4 | 5 |" time="0.001">
    <failure message="&#10;Expected: is &lt;20&gt;&#10;     but: was &lt;26&gt;" type="java.lang.AssertionError"><![CDATA[java.lang.AssertionError: 

Expected: is <20>
     but: was <26>
]]></failure>
    <system-out><![CDATA[Trying to Find Element By : By.id: display
Found Element By : By.id: display
]]></system-out>
  </testcase>
  <testcase name="| 4 | 5 |" classname="| 4 | 5 |" time="0.001">
    <failure message="&#10;Expected: is &lt;20&gt;&#10;     but: was &lt;26&gt;" type="java.lang.AssertionError"><![CDATA[java.lang.AssertionError: 

Expected: is <20>
     but: was <26>
]]></failure>
  </testcase>
  <testcase name="Given calculator app is up and running" classname="| 6 | 3 |" time="0"/>
  <testcase name="Given I want perfrom mathematical operation with &quot;6&quot;" classname="| 6 | 3 |" time="0"/>
  <testcase name="And I want perfrom mathematical operation with &quot;3&quot;" classname="| 6 | 3 |" time="0"/>
  <testcase name="When i perform division" classname="| 6 | 3 |" time="0"/>
  <testcase name="Then division result displayed correctly" classname="| 6 | 3 |" time="0"/>
  <testcase name="| 6 | 3 |" classname="| 6 | 3 |" time="0"/>
  <testcase name="Given calculator app is up and running" classname="| 7 | 3 |" time="0"/>
  <testcase name="Given I want perfrom mathematical operation with &quot;7&quot;" classname="| 7 | 3 |" time="0"/>
  <testcase name="And I want perfrom mathematical operation with &quot;3&quot;" classname="| 7 | 3 |" time="0"/>
  <testcase name="When i perform division" classname="| 7 | 3 |" time="0"/>
  <testcase name="Then division result displayed correctly" classname="| 7 | 3 |" time="0">
    <failure message="&#10;Expected: is &lt;2.3333333333333335&gt;&#10;     but: was &lt;2.0&gt;" type="java.lang.AssertionError"><![CDATA[java.lang.AssertionError: 

Expected: is <2.3333333333333335>
     but: was <2.0>
]]></failure>
    <system-out><![CDATA[Trying to Find Element By : By.id: display
Found Element By : By.id: display
]]></system-out>
  </testcase>
  <testcase name="| 7 | 3 |" classname="| 7 | 3 |" time="0.001">
    <failure message="&#10;Expected: is &lt;2.3333333333333335&gt;&#10;     but: was &lt;2.0&gt;" type="java.lang.AssertionError"><![CDATA[java.lang.AssertionError: 

Expected: is <2.3333333333333335>
     but: was <2.0>
]]></failure>
  </testcase>
  <testcase name="Given calculator app is up and running" classname="| 4 | 0 |" time="0"/>
  <testcase name="Given I want perfrom mathematical operation with &quot;4&quot;" classname="| 4 | 0 |" time="0"/>
  <testcase name="And I want perfrom mathematical operation with &quot;0&quot;" classname="| 4 | 0 |" time="0"/>
  <testcase name="When i perform division" classname="| 4 | 0 |" time="0"/>
  <testcase name="Then verify &quot;Error&quot; displayed" classname="| 4 | 0 |" time="0"/>
  <testcase name="| 4 | 0 |" classname="| 4 | 0 |" time="0.001"/>
</testsuite>